  glad.c
  Main.cpp
C:\Users\clara\Desktop\app_Protype\app_Protype\OpenGLApp\OpenGLApp\Main.cpp(357,31): warning C4018: '<': errata corrispondenza tra signed e unsigned
C:\Users\clara\Desktop\app_Protype\app_Protype\OpenGLApp\OpenGLApp\Main.cpp(358,35): warning C4018: '<': errata corrispondenza tra signed e unsigned
C:\Users\clara\Desktop\app_Protype\app_Protype\OpenGLApp\OpenGLApp\Main.cpp(361,39): warning C4018: '<': errata corrispondenza tra signed e unsigned
C:\Users\clara\Desktop\app_Protype\app_Protype\OpenGLApp\OpenGLApp\Main.cpp(390,27): warning C4018: '<': errata corrispondenza tra signed e unsigned
C:\Users\clara\Desktop\app_Protype\app_Protype\OpenGLApp\OpenGLApp\Main.cpp(489,27): warning C4018: '<': errata corrispondenza tra signed e unsigned
C:\Users\clara\Desktop\app_Protype\app_Protype\OpenGLApp\OpenGLApp\Main.cpp(533,27): warning C4018: '<': errata corrispondenza tra signed e unsigned
C:\Users\clara\Desktop\app_Protype\app_Protype\OpenGLApp\OpenGLApp\Main.cpp(550,27): warning C4018: '<': errata corrispondenza tra signed e unsigned
C:\Users\clara\Desktop\app_Protype\app_Protype\OpenGLApp\OpenGLApp\Main.cpp(695,23): warning C4018: '<': errata corrispondenza tra signed e unsigned
C:\Users\clara\Desktop\app_Protype\app_Protype\OpenGLApp\OpenGLApp\Main.cpp(706,23): warning C4018: '<': errata corrispondenza tra signed e unsigned
C:\Users\clara\Desktop\app_Protype\app_Protype\OpenGLApp\OpenGLApp\Main.cpp(721,31): warning C4018: '<': errata corrispondenza tra signed e unsigned
C:\Users\clara\Desktop\app_Protype\app_Protype\OpenGLApp\OpenGLApp\Main.cpp(736,31): warning C4018: '<': errata corrispondenza tra signed e unsigned
  stb_image.cpp
  Generazione del codice in corso...
Main.obj : error LNK2019: riferimento al simbolo esterno _glfwInit non risolto nella funzione _main
Main.obj : error LNK2019: riferimento al simbolo esterno _glfwTerminate non risolto nella funzione _main
Main.obj : error LNK2019: riferimento al simbolo esterno _glfwWindowHint non risolto nella funzione _main
Main.obj : error LNK2019: riferimento al simbolo esterno _glfwCreateWindow non risolto nella funzione _main
Main.obj : error LNK2019: riferimento al simbolo esterno _glfwWindowShouldClose non risolto nella funzione _main
Main.obj : error LNK2019: riferimento al simbolo esterno _glfwSetWindowShouldClose non risolto nella funzione "void __cdecl processInput(struct GLFWwindow *)" (?processInput@@YAXPAUGLFWwindow@@@Z)
Main.obj : error LNK2019: riferimento al simbolo esterno _glfwSetFramebufferSizeCallback non risolto nella funzione _main
Main.obj : error LNK2019: riferimento al simbolo esterno _glfwPollEvents non risolto nella funzione _main
Main.obj : error LNK2019: riferimento al simbolo esterno _glfwGetKey non risolto nella funzione "void __cdecl processInput(struct GLFWwindow *)" (?processInput@@YAXPAUGLFWwindow@@@Z)
Main.obj : error LNK2019: riferimento al simbolo esterno _glfwGetTime non risolto nella funzione _main
Main.obj : error LNK2019: riferimento al simbolo esterno _glfwMakeContextCurrent non risolto nella funzione _main
Main.obj : error LNK2019: riferimento al simbolo esterno _glfwSwapBuffers non risolto nella funzione _main
Main.obj : error LNK2019: riferimento al simbolo esterno _glfwGetProcAddress non risolto nella funzione _main
..\..\glfw-3.3.8.bin.WIN64\lib-vc2022\glfw3.lib : warning LNK4272: il tipo 'x64' del computer della libreria è in conflitto con il tipo 'x86' del computer di destinazione
C:\Users\clara\Desktop\app_Protype\app_Protype\OpenGLApp\Debug\OpenGLApp.exe : fatal error LNK1120: 13 esterni non risolti
