c:\users\clara\source\repos\computergraphics-s_awesomeopenglprjct\app_protype\openglapp\openglapp\x64\debug\vc143.pdb
c:\users\clara\source\repos\computergraphics-s_awesomeopenglprjct\app_protype\openglapp\openglapp\x64\debug\vc143.idb
c:\users\clara\source\repos\computergraphics-s_awesomeopenglprjct\app_protype\openglapp\openglapp\x64\debug\wizard.obj
c:\users\clara\source\repos\computergraphics-s_awesomeopenglprjct\app_protype\openglapp\openglapp\x64\debug\tavernobjects.obj
c:\users\clara\source\repos\computergraphics-s_awesomeopenglprjct\app_protype\openglapp\openglapp\x64\debug\stb_image.obj
c:\users\clara\source\repos\computergraphics-s_awesomeopenglprjct\app_protype\openglapp\openglapp\x64\debug\player.obj
c:\users\clara\source\repos\computergraphics-s_awesomeopenglprjct\app_protype\openglapp\openglapp\x64\debug\foodstations.obj
c:\users\clara\source\repos\computergraphics-s_awesomeopenglprjct\app_protype\openglapp\openglapp\x64\debug\dirt.obj
c:\users\clara\source\repos\computergraphics-s_awesomeopenglprjct\app_protype\openglapp\openglapp\x64\debug\customer.obj
c:\users\clara\source\repos\computergraphics-s_awesomeopenglprjct\app_protype\openglapp\openglapp\x64\debug\bard.obj
c:\users\clara\source\repos\computergraphics-s_awesomeopenglprjct\app_protype\openglapp\openglapp\x64\debug\glad.obj
c:\users\clara\source\repos\computergraphics-s_awesomeopenglprjct\app_protype\openglapp\openglapp\x64\debug\main.obj
c:\users\clara\source\repos\computergraphics-s_awesomeopenglprjct\app_protype\openglapp\x64\debug\openglapp.exe
c:\users\clara\source\repos\computergraphics-s_awesomeopenglprjct\app_protype\openglapp\x64\debug\openglapp.pdb
c:\users\clara\source\repos\computergraphics-s_awesomeopenglprjct\app_protype\openglapp\openglapp\x64\debug\openglapp.res
c:\users\clara\source\repos\computergraphics-s_awesomeopenglprjct\app_protype\openglapp\openglapp\x64\debug\openglapp.ilk
c:\users\clara\source\repos\computergraphics-s_awesomeopenglprjct\app_protype\openglapp\openglapp\x64\debug\openglapp.tlog\cl.command.1.tlog
c:\users\clara\source\repos\computergraphics-s_awesomeopenglprjct\app_protype\openglapp\openglapp\x64\debug\openglapp.tlog\cl.items.tlog
c:\users\clara\source\repos\computergraphics-s_awesomeopenglprjct\app_protype\openglapp\openglapp\x64\debug\openglapp.tlog\cl.read.1.tlog
c:\users\clara\source\repos\computergraphics-s_awesomeopenglprjct\app_protype\openglapp\openglapp\x64\debug\openglapp.tlog\cl.write.1.tlog
c:\users\clara\source\repos\computergraphics-s_awesomeopenglprjct\app_protype\openglapp\openglapp\x64\debug\openglapp.tlog\link.command.1.tlog
c:\users\clara\source\repos\computergraphics-s_awesomeopenglprjct\app_protype\openglapp\openglapp\x64\debug\openglapp.tlog\link.read.1.tlog
c:\users\clara\source\repos\computergraphics-s_awesomeopenglprjct\app_protype\openglapp\openglapp\x64\debug\openglapp.tlog\link.secondary.1.tlog
c:\users\clara\source\repos\computergraphics-s_awesomeopenglprjct\app_protype\openglapp\openglapp\x64\debug\openglapp.tlog\link.write.1.tlog
c:\users\clara\source\repos\computergraphics-s_awesomeopenglprjct\app_protype\openglapp\openglapp\x64\debug\openglapp.tlog\rc.command.1.tlog
c:\users\clara\source\repos\computergraphics-s_awesomeopenglprjct\app_protype\openglapp\openglapp\x64\debug\openglapp.tlog\rc.read.1.tlog
c:\users\clara\source\repos\computergraphics-s_awesomeopenglprjct\app_protype\openglapp\openglapp\x64\debug\openglapp.tlog\rc.write.1.tlog
